<?xml version="1.0" encoding="utf-8"?><testsuites name="pytest tests"><testsuite name="pytest" errors="0" failures="0" skipped="0" tests="112" time="140.970" timestamp="2026-09-22T08:37:30.819978+08:00" hostname="local-validation-host"><testcase classname="tests.drawing2cad.test_dimensions" name="test_number_parser[\xd812.5mm-12.5-mm-None]" time="0.001" /><testcase classname="tests.drawing2cad.test_dimensions" name="test_number_parser[.75 in-0.75-in-None]" time="0.001" /><testcase classname="tests.drawing2cad.test_dimensions" name="test_number_parser[20 \xb1 0.2 mm-20-mm-0.2]" time="0.002" /><testcase classname="tests.drawing2cad.test_dimensions" name="test_number_parser[3,2 cm-3.2-cm-None]" time="0.001" /><testcase classname="tests.drawing2cad.test_dimensions" name="test_number_parser[100.00mm\xb10.20-100-mm-0.2]" time="0.002" /><testcase classname="tests.drawing2cad.test_dimensions" name="test_number_parser[25.00 mm \xb1 0.20 mm-25-mm-0.2]" time="0.001" /><testcase classname="tests.drawing2cad.test_dimensions" name="test_number_parser[6.00mm\xb10.50-6-mm-0.5]" time="0.001" /><testcase classname="tests.drawing2cad.test_dimensions" name="test_number_parser[8 cm \xb1 0.1-8-cm-0.1]" time="0.001" /><testcase classname="tests.drawing2cad.test_dimensions" name="test_non_dimensions_are_not_guessed[M4]" time="0.001" /><testcase classname="tests.drawing2cad.test_dimensions" name="test_non_dimensions_are_not_guessed[REV 2]" time="0.001" /><testcase classname="tests.drawing2cad.test_dimensions" name="test_non_dimensions_are_not_guessed[95610A014]" time="0.001" /><testcase classname="tests.drawing2cad.test_dimensions" name="test_non_dimensions_are_not_guessed[4x3mm]" time="0.001" /><testcase classname="tests.drawing2cad.test_dimensions" name="test_non_dimensions_are_not_guessed[1/4 inch]" time="0.001" /><testcase classname="tests.drawing2cad.test_dimensions" name="test_non_dimensions_are_not_guessed[Runknown]" time="0.001" /><testcase classname="tests.drawing2cad.test_dimensions" name="test_non_dimensions_are_not_guessed[nan mm]" time="0.001" /><testcase classname="tests.drawing2cad.test_dimensions" name="test_non_dimensions_are_not_guessed[10mm\xb10.2cm]" time="0.002" /><testcase classname="tests.drawing2cad.test_dimensions" name="test_low_confidence_is_unknown" time="0.001" /><testcase classname="tests.drawing2cad.test_dimensions" name="test_nominal_and_symmetric_tolerance_semantics[20 \xb1 0.2 mm]" time="0.001" /><testcase classname="tests.drawing2cad.test_dimensions" name="test_nominal_and_symmetric_tolerance_semantics[20mm\xb10.2]" time="0.002" /><testcase classname="tests.drawing2cad.test_dimensions" name="test_conflicting_dimensions_are_unknown" time="0.002" /><testcase classname="tests.drawing2cad.test_dimensions" name="test_eccentric_or_multiple_holes_not_silently_flattened" time="0.001" /><testcase classname="tests.drawing2cad.test_generic_feature_extensions" name="test_slot_annotations_normalize_to_same_feature[7X SLOT 27 \xd7 11 THRU]" time="0.002" /><testcase classname="tests.drawing2cad.test_generic_feature_extensions" name="test_slot_annotations_normalize_to_same_feature[7x slot 27 x 11 thru]" time="0.001" /><testcase classname="tests.drawing2cad.test_generic_feature_extensions" name="test_slot_annotations_normalize_to_same_feature[7-SLOT(11x27)]" time="0.001" /><testcase classname="tests.drawing2cad.test_generic_feature_extensions" name="test_slot_annotations_normalize_to_same_feature[7-\u957f\u5706\u5b54\uff0811\xd727\uff09]" time="0.002" /><testcase classname="tests.drawing2cad.test_generic_feature_extensions" name="test_other_callouts_are_not_through_slots[7X \xd811(\xd827)]" time="0.001" /><testcase classname="tests.drawing2cad.test_generic_feature_extensions" name="test_other_callouts_are_not_through_slots[7X SLOT 27 \xd7 11 DEPTH 3]" time="0.001" /><testcase classname="tests.drawing2cad.test_generic_feature_extensions" name="test_other_callouts_are_not_through_slots[27 \xd7 11]" time="0.001" /><testcase classname="tests.drawing2cad.test_generic_feature_extensions" name="test_other_callouts_are_not_through_slots[SLOT unknown]" time="0.001" /><testcase classname="tests.drawing2cad.test_generic_feature_extensions" name="test_split_words_keep_numeric_evidence_and_do_not_bridge_rows" time="0.002" /><testcase classname="tests.drawing2cad.test_generic_feature_extensions" name="test_view_relation_rejects_wrong_projection_and_preserves_competition" time="0.001" /><testcase classname="tests.drawing2cad.test_generic_feature_extensions" name="test_four_sides_with_plain_holes_and_spaced_slot_callout[left]" time="4.459" /><testcase classname="tests.drawing2cad.test_generic_feature_extensions" name="test_plain_hole_requires_count_and_connected_leader[left]" time="0.304" /><testcase classname="tests.drawing2cad.test_generic_feature_extensions" name="test_four_sides_with_plain_holes_and_spaced_slot_callout[right]" time="1.713" /><testcase classname="tests.drawing2cad.test_generic_feature_extensions" name="test_plain_hole_requires_count_and_connected_leader[right]" time="0.369" /><testcase classname="tests.drawing2cad.test_generic_feature_extensions" name="test_four_sides_with_plain_holes_and_spaced_slot_callout[above]" time="2.196" /><testcase classname="tests.drawing2cad.test_generic_feature_extensions" name="test_plain_hole_requires_count_and_connected_leader[above]" time="0.474" /><testcase classname="tests.drawing2cad.test_generic_feature_extensions" name="test_four_sides_with_plain_holes_and_spaced_slot_callout[below]" time="3.337" /><testcase classname="tests.drawing2cad.test_generic_feature_extensions" name="test_plain_hole_requires_count_and_connected_leader[below]" time="0.857" /><testcase classname="tests.drawing2cad.test_generic_feature_extensions" name="test_different_dimensions_and_legacy_slot_keep_same_pipeline" time="3.550" /><testcase classname="tests.drawing2cad.test_pattern" name="test_original_pattern_and_conflict" time="17.754" /><testcase classname="tests.drawing2cad.test_pattern" name="test_angle_has_degree_units" time="0.001" /><testcase classname="tests.drawing2cad.test_pattern" name="test_unknown_units_preserve_unscaled_conflict" time="1.200" /><testcase classname="tests.drawing2cad.test_pattern" name="test_constraint_paths_use_normalized_units" time="1.020" /><testcase classname="tests.drawing2cad.test_pattern" name="test_unresolved_conflict_is_not_replaced_by_centerline" time="0.004" /><testcase classname="tests.drawing2cad.test_pattern" name="test_incomplete_chains_require_a_complete_datum_path[missing0-True]" time="0.980" /><testcase classname="tests.drawing2cad.test_pattern" name="test_incomplete_chains_require_a_complete_datum_path[missing1-False]" time="0.949" /><testcase classname="tests.drawing2cad.test_pattern" name="test_same_geometry_different_dimensions" time="12.956" /><testcase classname="tests.drawing2cad.test_pattern" name="test_missing_evidence_blocks_model[plate_height]" time="0.938" /><testcase classname="tests.drawing2cad.test_pattern" name="test_missing_evidence_blocks_model[thickness]" time="0.979" /><testcase classname="tests.drawing2cad.test_pattern" name="test_missing_evidence_blocks_model[hole_diameter]" time="0.048" /><testcase classname="tests.drawing2cad.test_pattern" name="test_missing_evidence_blocks_model[countersink_angle]" time="0.948" /><testcase classname="tests.drawing2cad.test_pattern" name="test_missing_slot_callout_uses_explicit_geometry_inference" time="0.942" /><testcase classname="tests.drawing2cad.test_pattern" name="test_disconnected_callouts_cannot_export" time="0.012" /><testcase classname="tests.drawing2cad.test_pattern" name="test_wrong_hole_count_cannot_export" time="0.047" /><testcase classname="tests.drawing2cad.test_pattern" name="test_impossible_countersink_is_rejected[thickness-0.1]" time="0.013" /><testcase classname="tests.drawing2cad.test_pattern" name="test_impossible_countersink_is_rejected[countersink_diameter-3]" time="0.015" /><testcase classname="tests.drawing2cad.test_pattern" name="test_impossible_countersink_is_rejected[countersink_angle-180]" time="0.012" /><testcase classname="tests.drawing2cad.test_pattern" name="test_overlapping_cuts_fail_volume_check" time="0.373" /><testcase classname="tests.drawing2cad.test_pattern" name="test_variable_feature_candidates_constraints_and_cad[6-holes-1-slot]" time="4.690" /><testcase classname="tests.drawing2cad.test_pattern" name="test_variable_feature_candidates_constraints_and_cad[12-holes-3-slots-three-rows]" time="8.938" /><testcase classname="tests.drawing2cad.test_pattern" name="test_variable_feature_candidates_constraints_and_cad[non-centre-slot]" time="4.731" /><testcase classname="tests.drawing2cad.test_pattern" name="test_variable_feature_candidates_constraints_and_cad[changed-count-and-positions]" time="4.762" /><testcase classname="tests.drawing2cad.test_pattern" name="test_non_centre_slot_without_y_constraint_is_ambiguous" time="0.938" /><testcase classname="tests.drawing2cad.test_pipeline" name="test_different_dimensions_and_topology[36-14-2]" time="1.404" /><testcase classname="tests.drawing2cad.test_pipeline" name="test_different_dimensions_and_topology[52-23-4]" time="1.577" /><testcase classname="tests.drawing2cad.test_pipeline" name="test_different_dimensions_and_topology[17-6-1.5]" time="1.423" /><testcase classname="tests.drawing2cad.test_pipeline" name="test_different_dimensions_and_topology[36-None-3]" time="1.164" /><testcase classname="tests.drawing2cad.test_pipeline" name="test_annotations_override_drawing_scale" time="1.424" /><testcase classname="tests.drawing2cad.test_pipeline" name="test_units[in-False-25.4]" time="1.645" /><testcase classname="tests.drawing2cad.test_pipeline" name="test_units[cm-True-10]" time="1.492" /><testcase classname="tests.drawing2cad.test_pipeline" name="test_units[mm-True-1]" time="1.400" /><testcase classname="tests.drawing2cad.test_pipeline" name="test_missing_dimensions_block_export[outer_diameter]" time="0.725" /><testcase classname="tests.drawing2cad.test_pipeline" name="test_missing_dimensions_block_export[inner_diameter]" time="0.706" /><testcase classname="tests.drawing2cad.test_pipeline" name="test_missing_dimensions_block_export[thickness]" time="0.687" /><testcase classname="tests.drawing2cad.test_pipeline" name="test_unknown_units_need_override" time="2.056" /><testcase classname="tests.drawing2cad.test_pipeline" name="test_limits_and_stale_export_removal" time="2.843" /><testcase classname="tests.drawing2cad.test_pipeline" name="test_raster_ocr[png]" time="8.161" /><testcase classname="tests.drawing2cad.test_pipeline" name="test_raster_ocr[jpg]" time="6.695" /><testcase classname="tests.drawing2cad.test_pipeline" name="test_invalid_hole_dimensions" time="0.635" /><testcase classname="tests.drawing2cad.test_pipeline" name="test_horizontal_side" time="1.732" /><testcase classname="tests.drawing2cad.test_pipeline" name="test_blank_and_unsupported_input" time="3.225" /><testcase classname="tests.drawing2cad.test_pipeline" name="test_unowned_output_is_not_modified" time="0.028" /><testcase classname="tests.drawing2cad.test_profile" name="test_new_benchmark" time="8.023" /><testcase classname="tests.drawing2cad.test_profile" name="test_changed_annotations_drive_all_dimensions" time="6.820" /><testcase classname="tests.drawing2cad.test_profile" name="test_bare_unit_is_unknown" time="0.013" /><testcase classname="tests.drawing2cad.test_profile" name="test_missing_dimensions_have_no_pixel_fallback[corner_radius]" time="0.003" /><testcase classname="tests.drawing2cad.test_profile" name="test_missing_dimensions_have_no_pixel_fallback[hole_x]" time="0.010" /><testcase classname="tests.drawing2cad.test_profile" name="test_missing_dimensions_have_no_pixel_fallback[hole_y_from_top]" time="0.012" /><testcase classname="tests.drawing2cad.test_profile" name="test_missing_dimensions_have_no_pixel_fallback[hole_diameter]" time="0.011" /><testcase classname="tests.drawing2cad.test_profile" name="test_missing_dimensions_have_no_pixel_fallback[thickness]" time="0.011" /><testcase classname="tests.drawing2cad.test_profile" name="test_through_evidence_required" time="0.012" /><testcase classname="tests.drawing2cad.test_profile" name="test_radius_without_connected_leader_is_unknown" time="0.003" /><testcase classname="tests.drawing2cad.test_profile" name="test_chamfer_is_not_a_radius" time="0.002" /><testcase classname="tests.drawing2cad.test_profile" name="test_quarter_arc_can_be_on_any_corner[0]" time="0.003" /><testcase classname="tests.drawing2cad.test_profile" name="test_quarter_arc_can_be_on_any_corner[1]" time="0.004" /><testcase classname="tests.drawing2cad.test_profile" name="test_quarter_arc_can_be_on_any_corner[2]" time="0.003" /><testcase classname="tests.drawing2cad.test_profile" name="test_quarter_arc_can_be_on_any_corner[3]" time="0.003" /><testcase classname="tests.drawing2cad.test_profile" name="test_radius_and_through_grammar[R5mm-R-False]" time="0.001" /><testcase classname="tests.drawing2cad.test_profile" name="test_radius_and_through_grammar[r.3 in-r-False]" time="0.001" /><testcase classname="tests.drawing2cad.test_profile" name="test_radius_and_through_grammar[\xd80.40 THRU-\xd8-True]" time="0.001" /><testcase classname="tests.drawing2cad.test_profile" name="test_incompatible_hole_and_arc_cannot_export" time="0.043" /><testcase classname="tests.drawing2cad.test_slot_only" name="test_100_by_25_by_6_without_holes" time="2.282" /><testcase classname="tests.drawing2cad.test_slot_only" name="test_changed_sizes_count_and_off_centre_locations" time="2.907" /><testcase classname="tests.drawing2cad.test_slot_only" name="test_missing_or_rejected_evidence_cannot_be_inferred[missing_thickness]" time="0.013" /><testcase classname="tests.drawing2cad.test_slot_only" name="test_missing_or_rejected_evidence_cannot_be_inferred[unknown_units]" time="0.014" /><testcase classname="tests.drawing2cad.test_slot_only" name="test_missing_or_rejected_evidence_cannot_be_inferred[not_to_scale]" time="0.014" /><testcase classname="tests.drawing2cad.test_slot_only" name="test_missing_or_rejected_evidence_cannot_be_inferred[inconsistent_scale]" time="0.018" /><testcase classname="tests.drawing2cad.test_slot_only" name="test_missing_or_rejected_evidence_cannot_be_inferred[malformed_slot]" time="0.047" /><testcase classname="tests.drawing2cad.test_slot_only" name="test_missing_or_rejected_evidence_cannot_be_inferred[split_malformed_slot]" time="0.018" /><testcase classname="tests.drawing2cad.test_slot_only" name="test_missing_or_rejected_evidence_cannot_be_inferred[disconnected_label]" time="0.014" /><testcase classname="tests.drawing2cad.test_slot_only" name="test_partial_slot_position_constraint_is_not_overwritten" time="0.005" /></testsuite></testsuites>